<?xml version="1.0" encoding="UTF-8"?>
<!-- Generated by org.testng.reporters.JUnitXMLReporter -->
<testsuite hostname="DESKTOP-RPFQAGM" ignored="0" name="Campus" tests="8" failures="0" timestamp="2021-06-20T21:49:57 IST" time="0.158" errors="0">
  <testcase name="ExcludedTestcase" time="0.018" classname="TestNGTutorial.CollegeCampus"/>
  <testcase name="engineer1Test" time="0.002" classname="TestNGTutorial.CollegeCampus"/>
  <testcase name="engineer2Test" time="0.001" classname="TestNGTutorial.CollegeCampus"/>
  <testcase name="student1Test" time="0.002" classname="TestNGTutorial.SchoolCampus"/>
  <testcase name="student2Test" time="0.002" classname="TestNGTutorial.SchoolCampus"/>
  <testcase name="IncludedTestcase" time="0.001" classname="TestNGTutorial.WorkPlaceCampus"/>
  <testcase name="workTestFood" time="0.009" classname="TestNGTutorial.WorkPlaceCampus"/>
  <testcase name="workTestGames" time="0.006" classname="TestNGTutorial.WorkPlaceCampus"/>
</testsuite> <!-- Campus -->
