<?xml version="1.0" encoding="UTF-8"?>
<!-- Generated by org.testng.reporters.JUnitXMLReporter -->
<testsuite hostname="DESKTOP-RPFQAGM" ignored="5" name="SchoolCampus" tests="3" failures="0" timestamp="2021-06-20T21:45:12 IST" time="0.108" errors="0">
  <testcase name="engineer1Test" time="0.01" classname="TestNGTutorial.CollegeCampus"/>
  <testcase name="engineer2Test" time="0.003" classname="TestNGTutorial.CollegeCampus"/>
  <testcase name="IncludedTestcase" time="0.003" classname="TestNGTutorial.WorkPlaceCampus"/>
  <testcase name="workTestFood" time="0.0" classname="TestNGTutorial.WorkPlaceCampus">
    <ignored/>
  </testcase> <!-- workTestFood -->
  <testcase name="workTestGames" time="0.0" classname="TestNGTutorial.WorkPlaceCampus">
    <ignored/>
  </testcase> <!-- workTestGames -->
  <testcase name="ExcludedTestcase" time="0.0" classname="TestNGTutorial.CollegeCampus">
    <ignored/>
  </testcase> <!-- ExcludedTestcase -->
  <testcase name="student1Test" time="0.0" classname="TestNGTutorial.SchoolCampus">
    <ignored/>
  </testcase> <!-- student1Test -->
  <testcase name="student2Test" time="0.0" classname="TestNGTutorial.SchoolCampus">
    <ignored/>
  </testcase> <!-- student2Test -->
</testsuite> <!-- SchoolCampus -->
