<?xml version="1.0" encoding="UTF-8"?>
<!-- Generated by org.testng.reporters.JUnitXMLReporter -->
<testsuite hostname="DESKTOP-RPFQAGM" ignored="0" name="Default test" tests="3" failures="0" timestamp="2021-06-21T18:46:46 IST" time="0.148" errors="0">
  <testcase name="dataProviderMethod" time="0.015" classname="TestNGTutorial.DataProvider"/>
  <testcase name="dataProviderMethod" time="0.002" classname="TestNGTutorial.DataProvider"/>
  <testcase name="dataProviderMethod" time="0.001" classname="TestNGTutorial.DataProvider"/>
</testsuite> <!-- Default test -->
