<?xml version="1.0" encoding="UTF-8"?>
<!-- Generated by org.testng.reporters.JUnitXMLReporter -->
<testsuite hostname="DESKTOP-RPFQAGM" ignored="0" name="Parameters" tests="3" failures="0" timestamp="2021-06-21T11:55:28 IST" time="0.124" errors="0">
  <testcase name="parameterMethod" time="0.02" classname="TestNGTutorial.Parameterization1"/>
  <testcase name="parameterMethod2" time="0.002" classname="TestNGTutorial.Parameterization1"/>
  <testcase name="parameterMethod3" time="0.003" classname="TestNGTutorial.Paramaterization2"/>
</testsuite> <!-- Parameters -->
