<?xml version="1.0" encoding="UTF-8"?>
<!-- Generated by org.testng.reporters.JUnitXMLReporter -->
<testsuite hostname="DESKTOP-RPFQAGM" ignored="0" name="Test" tests="18" failures="0" timestamp="2021-06-22T11:53:37 IST" time="0.236" errors="0">
  <testcase name="dataProviderMethod" time="0.026" classname="TestNGTutorial.DataProvider"/>
  <testcase name="dataProviderMethod" time="0.002" classname="TestNGTutorial.DataProvider"/>
  <testcase name="dataProviderMethod" time="0.003" classname="TestNGTutorial.DataProvider"/>
  <testcase name="groups1ExampleWithoutTag" time="0.002" classname="TestNGTutorial.GroupsTestCase"/>
  <testcase name="groups1ExamplewithTag" time="0.002" classname="TestNGTutorial.GroupsTestCase"/>
  <testcase name="authenticationMethod" time="0.001" classname="TestNGTutorial.HelperAttributes"/>
  <testcase name="authorizationMethod" time="0.002" classname="TestNGTutorial.HelperAttributes"/>
  <testcase name="login" time="0.001" classname="TestNGTutorial.HelperAttributes"/>
  <testcase name="groups2ExampleWithoutTag" time="0.001" classname="TestNGTutorial.GroupsTestCase2"/>
  <testcase name="ExcludedTestcase" time="0.002" classname="TestNGTutorial.CollegeCampus"/>
  <testcase name="engineer1Test" time="0.002" classname="TestNGTutorial.CollegeCampus"/>
  <testcase name="engineer2Test" time="0.002" classname="TestNGTutorial.CollegeCampus"/>
  <testcase name="IncludedTestcase" time="0.002" classname="TestNGTutorial.WorkPlaceCampus"/>
  <testcase name="workTestFood" time="0.02" classname="TestNGTutorial.WorkPlaceCampus"/>
  <testcase name="workTestGames" time="0.001" classname="TestNGTutorial.WorkPlaceCampus"/>
  <testcase name="groupExampleWithoutTag" time="0.001" classname="TestNGTutorial.SchoolCampus"/>
  <testcase name="student1Test" time="0.001" classname="TestNGTutorial.SchoolCampus"/>
  <testcase name="student2Test" time="0.001" classname="TestNGTutorial.SchoolCampus"/>
</testsuite> <!-- Test -->
