<?xml version="1.0" encoding="UTF-8"?>
<!-- Generated by org.testng.reporters.JUnitXMLReporter -->
<testsuite hostname="DESKTOP-RPFQAGM" ignored="9" name="Groups" tests="3" failures="0" timestamp="2021-06-20T22:03:42 IST" time="0.179" errors="0">
  <testcase name="groups1ExampleWithoutTag" time="0.018" classname="TestNGTutorial.GroupsTestCase"/>
  <testcase name="groups2ExampleWithoutTag" time="0.003" classname="TestNGTutorial.GroupsTestCase2"/>
  <testcase name="groupExampleWithoutTag" time="0.004" classname="TestNGTutorial.SchoolCampus"/>
  <testcase name="engineer1Test" time="0.0" classname="TestNGTutorial.CollegeCampus">
    <ignored/>
  </testcase> <!-- engineer1Test -->
  <testcase name="groups1ExamplewithTag" time="0.0" classname="TestNGTutorial.GroupsTestCase">
    <ignored/>
  </testcase> <!-- groups1ExamplewithTag -->
  <testcase name="workTestFood" time="0.0" classname="TestNGTutorial.WorkPlaceCampus">
    <ignored/>
  </testcase> <!-- workTestFood -->
  <testcase name="workTestGames" time="0.0" classname="TestNGTutorial.WorkPlaceCampus">
    <ignored/>
  </testcase> <!-- workTestGames -->
  <testcase name="engineer2Test" time="0.0" classname="TestNGTutorial.CollegeCampus">
    <ignored/>
  </testcase> <!-- engineer2Test -->
  <testcase name="ExcludedTestcase" time="0.0" classname="TestNGTutorial.CollegeCampus">
    <ignored/>
  </testcase> <!-- ExcludedTestcase -->
  <testcase name="student1Test" time="0.0" classname="TestNGTutorial.SchoolCampus">
    <ignored/>
  </testcase> <!-- student1Test -->
  <testcase name="IncludedTestcase" time="0.0" classname="TestNGTutorial.WorkPlaceCampus">
    <ignored/>
  </testcase> <!-- IncludedTestcase -->
  <testcase name="student2Test" time="0.0" classname="TestNGTutorial.SchoolCampus">
    <ignored/>
  </testcase> <!-- student2Test -->
</testsuite> <!-- Groups -->
